SonarQube plugins:
  - Python Code Quality and Security 3.4.1.8066 (python)
  - CSS Code Quality and Security 1.4.2.2002 (cssfamily)
  - Go Code Quality and Security 1.8.3.2219 (go)
  - JaCoCo 1.1.1.1157 (jacoco)
  - Kotlin Code Quality and Security 1.8.3.2219 (kotlin)
  - JavaScript/TypeScript Code Quality and Security 7.4.4.15624 (javascript)
  - Ruby Code Quality and Security 1.8.3.2219 (ruby)
  - Scala Code Quality and Security 1.8.3.2219 (sonarscala)
  - C# Code Quality and Security 8.22.0.31243 (csharp)
  - Java Code Quality and Security 6.15.1.26025 (java)
  - HTML Code Quality and Security 3.4.0.2754 (web)
  - Flex Code Quality and Security 2.6.1.2564 (flex)
  - XML Code Quality and Security 2.2.0.2973 (xml)
  - PHP Code Quality and Security 3.17.0.7439 (php)
  - VB.NET Code Quality and Security 8.22.0.31243 (vbnet)
Global server settings:
  - sonar.core.id=BF41A1F2-AYKFYzzOSLRvJgNaEEsn
  - sonar.core.startTime=2022-08-10T09:34:07+0800
  - sonar.forceAuthentication=true
Project server settings:
Project scanner properties:
  - sonar.host.url=http://localhost:9000
  - sonar.java.binaries=target
  - sonar.java.source=1.11
  - sonar.language=java
  - sonar.login=******
  - sonar.password=******
  - sonar.projectBaseDir=C:\Users\rustam.arifin\OneDrive - Accenture\Desktop\bars-service.rustam.arifin\bars-service.rustam.arifin
  - sonar.projectDescription=Scan project.
  - sonar.projectKey=bars-service.rustam.arifin
  - sonar.projectName=bars-service.rustam.arifin
  - sonar.projectVersion=1.0
  - sonar.scanner.app=ScannerCLI
  - sonar.scanner.appVersion=4.6.2.2472
  - sonar.scm.disabled=true
  - sonar.sourceEncoding=windows-1252
  - sonar.sources=src/main/java
  - sonar.verbose=true
  - sonar.working.directory=C:\Users\rustam.arifin\OneDrive - Accenture\Desktop\bars-service.rustam.arifin\bars-service.rustam.arifin\.scannerwork
